example/build/app/intermediates/manifest_merge_blame_file/debug/manifest-merger-blame-debug-report.txt
1<?xml version="1.0" encoding="utf-8"?>
2<manifest xmlns:android="http://schemas.android.com/apk/res/android"
3    package="com.example.moblinkexample"
4    android:versionCode="1"
5    android:versionName="1.0" >
6
7    <uses-sdk
8        android:minSdkVersion="16"
8-->src/main/AndroidManifest.xml
9        android:targetSdkVersion="28" />
9-->src/main/AndroidManifest.xml
10
11    <!--
12         The INTERNET permission is required for development. Specifically,
13         flutter needs it to communicate with the running application
14         to allow setting breakpoints, to provide hot reload, etc.
15    -->
16    <uses-permission android:name="android.permission.INTERNET" />
16-->src/main/AndroidManifest.xml:9:5-66
16-->src/main/AndroidManifest.xml:9:22-64
17    <!--
18     io.flutter.app.FlutterApplication is an android.app.Application that
19         calls FlutterMain.startInitialization(this); in its onCreate method.
20         In most cases you can leave this as-is, but you if you want to provide
21         additional functionality it is fine to subclass or reimplement
22         FlutterApplication and put your custom class here.
23    -->
24    <!-- //android:name="io.flutter.app.FlutterApplication" -->
25    <application
25-->src/main/AndroidManifest.xml:18:5-45:19
26        android:name="com.example.moblinkexample.MoblinkFlutterApplication"
26-->src/main/AndroidManifest.xml:19:9-76
27        android:appComponentFactory="androidx.core.app.CoreComponentFactory"
27-->[androidx.core:core:1.6.0] AndroidManifest.xml:24:18-86
28        android:debuggable="true"
29        android:icon="@mipmap/ic_launcher"
29-->src/main/AndroidManifest.xml:21:9-43
30        android:label="moblink_example" >
30-->src/main/AndroidManifest.xml:20:9-40
31        <activity
31-->src/main/AndroidManifest.xml:23:9-41:20
32            android:name="com.example.moblinkexample.MainActivity"
32-->src/main/AndroidManifest.xml:24:13-41
33            android:configChanges="orientation|keyboardHidden|keyboard|screenSize|locale|layoutDirection|fontScale|screenLayout|density"
33-->src/main/AndroidManifest.xml:27:13-137
34            android:hardwareAccelerated="true"
34-->src/main/AndroidManifest.xml:28:13-47
35            android:launchMode="singleTop"
35-->src/main/AndroidManifest.xml:25:13-43
36            android:theme="@style/LaunchTheme"
36-->src/main/AndroidManifest.xml:26:13-47
37            android:windowSoftInputMode="adjustResize" >
37-->src/main/AndroidManifest.xml:29:13-55
38
39            <!--
40                 This keeps the window background of the activity showing
41                 until Flutter renders its first frame. It can be removed if
42                 there is no splash screen (such as the default splash screen
43                 defined in @style/LaunchTheme).
44            -->
45            <meta-data
45-->src/main/AndroidManifest.xml:34:13-36:40
46                android:name="io.flutter.app.android.SplashScreenUntilFirstFrame"
46-->src/main/AndroidManifest.xml:35:17-82
47                android:value="true" />
47-->src/main/AndroidManifest.xml:36:17-37
48
49            <intent-filter>
49-->src/main/AndroidManifest.xml:37:13-40:29
50                <action android:name="android.intent.action.MAIN" />
50-->src/main/AndroidManifest.xml:38:17-68
50-->src/main/AndroidManifest.xml:38:25-66
51
52                <category android:name="android.intent.category.LAUNCHER" />
52-->src/main/AndroidManifest.xml:39:17-76
52-->src/main/AndroidManifest.xml:39:27-74
53            </intent-filter>
54        </activity>
55
56        <meta-data
56-->src/main/AndroidManifest.xml:42:9-44:33
57            android:name="flutterEmbedding"
57-->src/main/AndroidManifest.xml:43:13-44
58            android:value="2" />
58-->src/main/AndroidManifest.xml:44:13-30
59
60        <service
60-->[com.mob:MobCoreULT:2022.0725.2109] AndroidManifest.xml:10:9-17:19
61            android:name="com.mob.MobACService"
61-->[com.mob:MobCoreULT:2022.0725.2109] AndroidManifest.xml:11:13-48
62            android:enabled="true"
62-->[com.mob:MobCoreULT:2022.0725.2109] AndroidManifest.xml:12:13-35
63            android:exported="true" >
63-->[com.mob:MobCoreULT:2022.0725.2109] AndroidManifest.xml:13:13-36
64            <intent-filter>
64-->[com.mob:MobCoreULT:2022.0725.2109] AndroidManifest.xml:14:13-16:29
65                <action android:name="com.mob.service.action.MOB_AC_SERVICE" />
65-->[com.mob:MobCoreULT:2022.0725.2109] AndroidManifest.xml:15:17-80
65-->[com.mob:MobCoreULT:2022.0725.2109] AndroidManifest.xml:15:25-77
66            </intent-filter>
67        </service>
68
69        <activity
69-->[com.mob:MobCoreULT:2022.0725.2109] AndroidManifest.xml:19:9-27:20
70            android:name="com.mob.id.MobIDActivity"
70-->[com.mob:MobCoreULT:2022.0725.2109] AndroidManifest.xml:20:13-52
71            android:exported="true"
71-->[com.mob:MobCoreULT:2022.0725.2109] AndroidManifest.xml:21:13-36
72            android:theme="@android:style/Theme.Translucent.NoTitleBar.Fullscreen" >
72-->[com.mob:MobCoreULT:2022.0725.2109] AndroidManifest.xml:22:13-83
73            <intent-filter>
73-->[com.mob:MobCoreULT:2022.0725.2109] AndroidManifest.xml:23:13-26:29
74                <action android:name="com.mob.id.app_30000" />
74-->[com.mob:MobCoreULT:2022.0725.2109] AndroidManifest.xml:24:17-63
74-->[com.mob:MobCoreULT:2022.0725.2109] AndroidManifest.xml:24:25-60
75
76                <category android:name="android.intent.category.DEFAULT" />
76-->[com.mob:MobCoreULT:2022.0725.2109] AndroidManifest.xml:25:17-76
76-->[com.mob:MobCoreULT:2022.0725.2109] AndroidManifest.xml:25:27-73
77            </intent-filter>
78        </activity>
79        <activity
79-->[com.mob:MobCoreULT:2022.0725.2109] AndroidManifest.xml:29:9-37:20
80            android:name="com.mob.id.MobIDSYActivity"
80-->[com.mob:MobCoreULT:2022.0725.2109] AndroidManifest.xml:30:13-54
81            android:exported="true"
81-->[com.mob:MobCoreULT:2022.0725.2109] AndroidManifest.xml:31:13-36
82            android:theme="@android:style/Theme.Translucent.NoTitleBar.Fullscreen" >
82-->[com.mob:MobCoreULT:2022.0725.2109] AndroidManifest.xml:32:13-83
83            <intent-filter>
83-->[com.mob:MobCoreULT:2022.0725.2109] AndroidManifest.xml:33:13-36:29
84                <action android:name="com.mob.id.app_lk" />
84-->[com.mob:MobCoreULT:2022.0725.2109] AndroidManifest.xml:34:17-60
84-->[com.mob:MobCoreULT:2022.0725.2109] AndroidManifest.xml:34:25-57
85
86                <category android:name="android.intent.category.DEFAULT" />
86-->[com.mob:MobCoreULT:2022.0725.2109] AndroidManifest.xml:25:17-76
86-->[com.mob:MobCoreULT:2022.0725.2109] AndroidManifest.xml:25:27-73
87            </intent-filter>
88        </activity>
89
90        <service
90-->[com.mob:MobCoreULT:2022.0725.2109] AndroidManifest.xml:39:9-46:19
91            android:name="com.mob.id.MobIDService"
91-->[com.mob:MobCoreULT:2022.0725.2109] AndroidManifest.xml:40:13-51
92            android:enabled="true"
92-->[com.mob:MobCoreULT:2022.0725.2109] AndroidManifest.xml:41:13-35
93            android:exported="true" >
93-->[com.mob:MobCoreULT:2022.0725.2109] AndroidManifest.xml:42:13-36
94            <intent-filter>
94-->[com.mob:MobCoreULT:2022.0725.2109] AndroidManifest.xml:43:13-45:29
95                <action android:name="com.mob.intent.MOB_ID_SERVICE" />
95-->[com.mob:MobCoreULT:2022.0725.2109] AndroidManifest.xml:44:17-72
95-->[com.mob:MobCoreULT:2022.0725.2109] AndroidManifest.xml:44:25-69
96            </intent-filter>
97        </service>
98
99        <meta-data
99-->[com.mob:MobCoreULT:2022.0725.2109] AndroidManifest.xml:48:9-50:37
100            android:name="mob_guard_version"
100-->[com.mob:MobCoreULT:2022.0725.2109] AndroidManifest.xml:49:13-45
101            android:value="30000" />
101-->[com.mob:MobCoreULT:2022.0725.2109] AndroidManifest.xml:50:13-34
102        <meta-data
102-->[com.mob:MobCoreULT:2022.0725.2109] AndroidManifest.xml:52:9-54:37
103            android:name="mob_id_ver"
103-->[com.mob:MobCoreULT:2022.0725.2109] AndroidManifest.xml:53:13-38
104            android:value="30000" />
104-->[com.mob:MobCoreULT:2022.0725.2109] AndroidManifest.xml:54:13-34
105
106        <activity
106-->[com.mob:MobCoreULT:2022.0725.2109] AndroidManifest.xml:56:9-64:20
107            android:name="com.mob.guard.MobTranPullUpActivity"
107-->[com.mob:MobCoreULT:2022.0725.2109] AndroidManifest.xml:57:13-63
108            android:exported="true"
108-->[com.mob:MobCoreULT:2022.0725.2109] AndroidManifest.xml:58:13-36
109            android:theme="@android:style/Theme.Translucent.NoTitleBar.Fullscreen" >
109-->[com.mob:MobCoreULT:2022.0725.2109] AndroidManifest.xml:59:13-83
110            <intent-filter>
110-->[com.mob:MobCoreULT:2022.0725.2109] AndroidManifest.xml:60:13-63:29
111                <action android:name="com.mob.open.app_20000" />
111-->[com.mob:MobCoreULT:2022.0725.2109] AndroidManifest.xml:61:17-65
111-->[com.mob:MobCoreULT:2022.0725.2109] AndroidManifest.xml:61:25-62
112
113                <category android:name="android.intent.category.DEFAULT" />
113-->[com.mob:MobCoreULT:2022.0725.2109] AndroidManifest.xml:25:17-76
113-->[com.mob:MobCoreULT:2022.0725.2109] AndroidManifest.xml:25:27-73
114            </intent-filter>
115        </activity>
116        <activity
116-->[com.mob:MobCoreULT:2022.0725.2109] AndroidManifest.xml:66:9-74:20
117            android:name="com.mob.guard.MobTranPullLockActivity"
117-->[com.mob:MobCoreULT:2022.0725.2109] AndroidManifest.xml:67:13-65
118            android:exported="true"
118-->[com.mob:MobCoreULT:2022.0725.2109] AndroidManifest.xml:68:13-36
119            android:theme="@android:style/Theme.Translucent.NoTitleBar.Fullscreen" >
119-->[com.mob:MobCoreULT:2022.0725.2109] AndroidManifest.xml:69:13-83
120            <intent-filter>
120-->[com.mob:MobCoreULT:2022.0725.2109] AndroidManifest.xml:70:13-73:29
121                <action android:name="com.mob.open.app_lk" />
121-->[com.mob:MobCoreULT:2022.0725.2109] AndroidManifest.xml:71:17-62
121-->[com.mob:MobCoreULT:2022.0725.2109] AndroidManifest.xml:71:25-59
122
123                <category android:name="android.intent.category.DEFAULT" />
123-->[com.mob:MobCoreULT:2022.0725.2109] AndroidManifest.xml:25:17-76
123-->[com.mob:MobCoreULT:2022.0725.2109] AndroidManifest.xml:25:27-73
124            </intent-filter>
125        </activity>
126
127        <service
127-->[com.mob:MobCoreULT:2022.0725.2109] AndroidManifest.xml:76:9-83:19
128            android:name="com.mob.guard.MobGuardPullUpService"
128-->[com.mob:MobCoreULT:2022.0725.2109] AndroidManifest.xml:77:13-63
129            android:enabled="true"
129-->[com.mob:MobCoreULT:2022.0725.2109] AndroidManifest.xml:78:13-35
130            android:exported="true" >
130-->[com.mob:MobCoreULT:2022.0725.2109] AndroidManifest.xml:79:13-36
131            <intent-filter>
131-->[com.mob:MobCoreULT:2022.0725.2109] AndroidManifest.xml:80:13-82:29
132                <action android:name="com.mob.intent.MOB_GUARD_SERVICE" />
132-->[com.mob:MobCoreULT:2022.0725.2109] AndroidManifest.xml:81:17-75
132-->[com.mob:MobCoreULT:2022.0725.2109] AndroidManifest.xml:81:25-72
133            </intent-filter>
134        </service>
135
136        <uses-library
136-->[androidx.window:window:1.0.0-beta04] AndroidManifest.xml:25:9-27:40
137            android:name="androidx.window.extensions"
137-->[androidx.window:window:1.0.0-beta04] AndroidManifest.xml:26:13-54
138            android:required="false" />
138-->[androidx.window:window:1.0.0-beta04] AndroidManifest.xml:27:13-37
139        <uses-library
139-->[androidx.window:window:1.0.0-beta04] AndroidManifest.xml:28:9-30:40
140            android:name="androidx.window.sidecar"
140-->[androidx.window:window:1.0.0-beta04] AndroidManifest.xml:29:13-51
141            android:required="false" />
141-->[androidx.window:window:1.0.0-beta04] AndroidManifest.xml:30:13-37
142    </application>
143
144</manifest>